<?xml version="1.0" encoding="UTF-8" ?>
<testsuite failures="0" time="0.069" errors="0" skipped="0" tests="3" name="csd.calculator.StreamTokenizerTest">
  <properties>
[...]
</properties>
  <testcase time="0.015" classname="csd.calculator.StreamTokenizerTest" name="constructor_FakeStreamInput"/>
  <testcase time="0" classname="csd.calculator.StreamTokenizerTest" name="endOfInput_tokenAvailableFalse"/>
  <testcase time="0" classname="csd.calculator.StreamTokenizerTest" name="endOfInput_nextTokenEmptyString"/>
</testsuite>